Determining if files windows.h exist failed with the following output:
Change Dir: /Users/daniel/Work/XCode/VJ apps/ArbutusEngine/External/libzmq/CMakeFiles/CMakeTmp

Run Build Command(s):/usr/bin/make cmTC_fcc2e/fast && /Applications/Xcode.app/Contents/Developer/usr/bin/make -f CMakeFiles/cmTC_fcc2e.dir/build.make CMakeFiles/cmTC_fcc2e.dir/build
Building C object CMakeFiles/cmTC_fcc2e.dir/ZMQ_HAVE_WINDOWS.c.o
/Applications/Xcode.app/Contents/Developer/Toolchains/XcodeDefault.xctoolchain/usr/bin/cc   -std=gnu11 -Wno-tautological-constant-compare  -isysroot /Applications/Xcode.app/Contents/Developer/Platforms/MacOSX.platform/Developer/SDKs/MacOSX10.15.sdk -mmacosx-version-min=10.14   -o CMakeFiles/cmTC_fcc2e.dir/ZMQ_HAVE_WINDOWS.c.o   -c "/Users/daniel/Work/XCode/VJ apps/ArbutusEngine/External/libzmq/CMakeFiles/CheckIncludeFiles/ZMQ_HAVE_WINDOWS.c"
/Users/daniel/Work/XCode/VJ apps/ArbutusEngine/External/libzmq/CMakeFiles/CheckIncludeFiles/ZMQ_HAVE_WINDOWS.c:2:10: fatal error: 'windows.h' file not found
#include <windows.h>
         ^~~~~~~~~~~
1 error generated.
make[1]: *** [CMakeFiles/cmTC_fcc2e.dir/ZMQ_HAVE_WINDOWS.c.o] Error 1
make: *** [cmTC_fcc2e/fast] Error 2


Source:
/* */
#include <windows.h>


int main(void){return 0;}

Determining if files sys/eventfd.h exist failed with the following output:
Change Dir: /Users/daniel/Work/XCode/VJ apps/ArbutusEngine/External/libzmq/CMakeFiles/CMakeTmp

Run Build Command(s):/usr/bin/make cmTC_c66ad/fast && /Applications/Xcode.app/Contents/Developer/usr/bin/make -f CMakeFiles/cmTC_c66ad.dir/build.make CMakeFiles/cmTC_c66ad.dir/build
Building C object CMakeFiles/cmTC_c66ad.dir/ZMQ_HAVE_EVENTFD.c.o
/Applications/Xcode.app/Contents/Developer/Toolchains/XcodeDefault.xctoolchain/usr/bin/cc   -std=gnu11 -Wno-tautological-constant-compare  -isysroot /Applications/Xcode.app/Contents/Developer/Platforms/MacOSX.platform/Developer/SDKs/MacOSX10.15.sdk -mmacosx-version-min=10.14   -o CMakeFiles/cmTC_c66ad.dir/ZMQ_HAVE_EVENTFD.c.o   -c "/Users/daniel/Work/XCode/VJ apps/ArbutusEngine/External/libzmq/CMakeFiles/CheckIncludeFiles/ZMQ_HAVE_EVENTFD.c"
/Users/daniel/Work/XCode/VJ apps/ArbutusEngine/External/libzmq/CMakeFiles/CheckIncludeFiles/ZMQ_HAVE_EVENTFD.c:2:10: fatal error: 'sys/eventfd.h' file not found
#include <sys/eventfd.h>
         ^~~~~~~~~~~~~~~
1 error generated.
make[1]: *** [CMakeFiles/cmTC_c66ad.dir/ZMQ_HAVE_EVENTFD.c.o] Error 1
make: *** [cmTC_c66ad/fast] Error 2


Source:
/* */
#include <sys/eventfd.h>


int main(void){return 0;}

Determining if the SO_PEERCRED exist failed with the following output:
Change Dir: /Users/daniel/Work/XCode/VJ apps/ArbutusEngine/External/libzmq/CMakeFiles/CMakeTmp

Run Build Command(s):/usr/bin/make cmTC_e645e/fast && /Applications/Xcode.app/Contents/Developer/usr/bin/make -f CMakeFiles/cmTC_e645e.dir/build.make CMakeFiles/cmTC_e645e.dir/build
Building CXX object CMakeFiles/cmTC_e645e.dir/CheckSymbolExists.cxx.o
/Applications/Xcode.app/Contents/Developer/Toolchains/XcodeDefault.xctoolchain/usr/bin/c++    -std=gnu++11 -Wno-tautological-constant-compare  -isysroot /Applications/Xcode.app/Contents/Developer/Platforms/MacOSX.platform/Developer/SDKs/MacOSX10.15.sdk -mmacosx-version-min=10.14   -o CMakeFiles/cmTC_e645e.dir/CheckSymbolExists.cxx.o -c "/Users/daniel/Work/XCode/VJ apps/ArbutusEngine/External/libzmq/CMakeFiles/CMakeTmp/CheckSymbolExists.cxx"
/Users/daniel/Work/XCode/VJ apps/ArbutusEngine/External/libzmq/CMakeFiles/CMakeTmp/CheckSymbolExists.cxx:8:19: error: use of undeclared identifier 'SO_PEERCRED'
  return ((int*)(&SO_PEERCRED))[argc];
                  ^
1 error generated.
make[1]: *** [CMakeFiles/cmTC_e645e.dir/CheckSymbolExists.cxx.o] Error 1
make: *** [cmTC_e645e/fast] Error 2


File /Users/daniel/Work/XCode/VJ apps/ArbutusEngine/External/libzmq/CMakeFiles/CMakeTmp/CheckSymbolExists.cxx:
/* */
#include <sys/socket.h>

int main(int argc, char** argv)
{
  (void)argv;
#ifndef SO_PEERCRED
  return ((int*)(&SO_PEERCRED))[argc];
#else
  (void)argc;
  return 0;
#endif
}

Determining if the LOCAL_PEERCRED exist failed with the following output:
Change Dir: /Users/daniel/Work/XCode/VJ apps/ArbutusEngine/External/libzmq/CMakeFiles/CMakeTmp

Run Build Command(s):/usr/bin/make cmTC_7bfad/fast && /Applications/Xcode.app/Contents/Developer/usr/bin/make -f CMakeFiles/cmTC_7bfad.dir/build.make CMakeFiles/cmTC_7bfad.dir/build
Building CXX object CMakeFiles/cmTC_7bfad.dir/CheckSymbolExists.cxx.o
/Applications/Xcode.app/Contents/Developer/Toolchains/XcodeDefault.xctoolchain/usr/bin/c++    -std=gnu++11 -Wno-tautological-constant-compare  -isysroot /Applications/Xcode.app/Contents/Developer/Platforms/MacOSX.platform/Developer/SDKs/MacOSX10.15.sdk -mmacosx-version-min=10.14   -o CMakeFiles/cmTC_7bfad.dir/CheckSymbolExists.cxx.o -c "/Users/daniel/Work/XCode/VJ apps/ArbutusEngine/External/libzmq/CMakeFiles/CMakeTmp/CheckSymbolExists.cxx"
/Users/daniel/Work/XCode/VJ apps/ArbutusEngine/External/libzmq/CMakeFiles/CMakeTmp/CheckSymbolExists.cxx:8:19: error: use of undeclared identifier 'LOCAL_PEERCRED'
  return ((int*)(&LOCAL_PEERCRED))[argc];
                  ^
1 error generated.
make[1]: *** [CMakeFiles/cmTC_7bfad.dir/CheckSymbolExists.cxx.o] Error 1
make: *** [cmTC_7bfad/fast] Error 2


File /Users/daniel/Work/XCode/VJ apps/ArbutusEngine/External/libzmq/CMakeFiles/CMakeTmp/CheckSymbolExists.cxx:
/* */
#include <sys/socket.h>

int main(int argc, char** argv)
{
  (void)argv;
#ifndef LOCAL_PEERCRED
  return ((int*)(&LOCAL_PEERCRED))[argc];
#else
  (void)argc;
  return 0;
#endif
}

Determining if the clock_gettime exist failed with the following output:
Change Dir: /Users/daniel/Work/XCode/VJ apps/ArbutusEngine/External/libzmq/CMakeFiles/CMakeTmp

Run Build Command(s):/usr/bin/make cmTC_04344/fast && /Applications/Xcode.app/Contents/Developer/usr/bin/make -f CMakeFiles/cmTC_04344.dir/build.make CMakeFiles/cmTC_04344.dir/build
Building CXX object CMakeFiles/cmTC_04344.dir/CheckSymbolExists.cxx.o
/Applications/Xcode.app/Contents/Developer/Toolchains/XcodeDefault.xctoolchain/usr/bin/c++    -std=gnu++11 -Wno-tautological-constant-compare  -isysroot /Applications/Xcode.app/Contents/Developer/Platforms/MacOSX.platform/Developer/SDKs/MacOSX10.15.sdk -mmacosx-version-min=10.14   -o CMakeFiles/cmTC_04344.dir/CheckSymbolExists.cxx.o -c "/Users/daniel/Work/XCode/VJ apps/ArbutusEngine/External/libzmq/CMakeFiles/CMakeTmp/CheckSymbolExists.cxx"
Linking CXX executable cmTC_04344
/usr/local/Cellar/cmake/3.15.1/bin/cmake -E cmake_link_script CMakeFiles/cmTC_04344.dir/link.txt --verbose=1
/Applications/Xcode.app/Contents/Developer/Toolchains/XcodeDefault.xctoolchain/usr/bin/c++   -std=gnu++11 -Wno-tautological-constant-compare  -isysroot /Applications/Xcode.app/Contents/Developer/Platforms/MacOSX.platform/Developer/SDKs/MacOSX10.15.sdk -mmacosx-version-min=10.14 -Wl,-search_paths_first -Wl,-headerpad_max_install_names   CMakeFiles/cmTC_04344.dir/CheckSymbolExists.cxx.o  -o cmTC_04344 -lrt 
ld: library not found for -lrt
clang: error: linker command failed with exit code 1 (use -v to see invocation)
make[1]: *** [cmTC_04344] Error 1
make: *** [cmTC_04344/fast] Error 2


File /Users/daniel/Work/XCode/VJ apps/ArbutusEngine/External/libzmq/CMakeFiles/CMakeTmp/CheckSymbolExists.cxx:
/* */
#include <time.h>

int main(int argc, char** argv)
{
  (void)argv;
#ifndef clock_gettime
  return ((int*)(&clock_gettime))[argc];
#else
  (void)argc;
  return 0;
#endif
}

Determining if the gethrtime exist failed with the following output:
Change Dir: /Users/daniel/Work/XCode/VJ apps/ArbutusEngine/External/libzmq/CMakeFiles/CMakeTmp

Run Build Command(s):/usr/bin/make cmTC_42cd5/fast && /Applications/Xcode.app/Contents/Developer/usr/bin/make -f CMakeFiles/cmTC_42cd5.dir/build.make CMakeFiles/cmTC_42cd5.dir/build
Building CXX object CMakeFiles/cmTC_42cd5.dir/CheckSymbolExists.cxx.o
/Applications/Xcode.app/Contents/Developer/Toolchains/XcodeDefault.xctoolchain/usr/bin/c++    -std=gnu++11 -Wno-tautological-constant-compare  -isysroot /Applications/Xcode.app/Contents/Developer/Platforms/MacOSX.platform/Developer/SDKs/MacOSX10.15.sdk -mmacosx-version-min=10.14   -o CMakeFiles/cmTC_42cd5.dir/CheckSymbolExists.cxx.o -c "/Users/daniel/Work/XCode/VJ apps/ArbutusEngine/External/libzmq/CMakeFiles/CMakeTmp/CheckSymbolExists.cxx"
/Users/daniel/Work/XCode/VJ apps/ArbutusEngine/External/libzmq/CMakeFiles/CMakeTmp/CheckSymbolExists.cxx:8:19: error: use of undeclared identifier 'gethrtime'; did you mean 'getitimer'?
  return ((int*)(&gethrtime))[argc];
                  ^~~~~~~~~
                  getitimer
/Applications/Xcode.app/Contents/Developer/Platforms/MacOSX.platform/Developer/SDKs/MacOSX10.15.sdk/usr/include/sys/time.h:196:9: note: 'getitimer' declared here
int     getitimer(int, struct itimerval *);
        ^
1 error generated.
make[1]: *** [CMakeFiles/cmTC_42cd5.dir/CheckSymbolExists.cxx.o] Error 1
make: *** [cmTC_42cd5/fast] Error 2


File /Users/daniel/Work/XCode/VJ apps/ArbutusEngine/External/libzmq/CMakeFiles/CMakeTmp/CheckSymbolExists.cxx:
/* */
#include <sys/time.h>

int main(int argc, char** argv)
{
  (void)argv;
#ifndef gethrtime
  return ((int*)(&gethrtime))[argc];
#else
  (void)argc;
  return 0;
#endif
}

Determining if the mkdtemp exist failed with the following output:
Change Dir: /Users/daniel/Work/XCode/VJ apps/ArbutusEngine/External/libzmq/CMakeFiles/CMakeTmp

Run Build Command(s):/usr/bin/make cmTC_7b9a2/fast && /Applications/Xcode.app/Contents/Developer/usr/bin/make -f CMakeFiles/cmTC_7b9a2.dir/build.make CMakeFiles/cmTC_7b9a2.dir/build
Building CXX object CMakeFiles/cmTC_7b9a2.dir/CheckSymbolExists.cxx.o
/Applications/Xcode.app/Contents/Developer/Toolchains/XcodeDefault.xctoolchain/usr/bin/c++    -std=gnu++11 -Wno-tautological-constant-compare  -isysroot /Applications/Xcode.app/Contents/Developer/Platforms/MacOSX.platform/Developer/SDKs/MacOSX10.15.sdk -mmacosx-version-min=10.14   -o CMakeFiles/cmTC_7b9a2.dir/CheckSymbolExists.cxx.o -c "/Users/daniel/Work/XCode/VJ apps/ArbutusEngine/External/libzmq/CMakeFiles/CMakeTmp/CheckSymbolExists.cxx"
/Users/daniel/Work/XCode/VJ apps/ArbutusEngine/External/libzmq/CMakeFiles/CMakeTmp/CheckSymbolExists.cxx:8:19: error: use of undeclared identifier 'mkdtemp'
  return ((int*)(&mkdtemp))[argc];
                  ^
1 error generated.
make[1]: *** [CMakeFiles/cmTC_7b9a2.dir/CheckSymbolExists.cxx.o] Error 1
make: *** [cmTC_7b9a2/fast] Error 2


File /Users/daniel/Work/XCode/VJ apps/ArbutusEngine/External/libzmq/CMakeFiles/CMakeTmp/CheckSymbolExists.cxx:
/* */
#include <stdlib.h>

int main(int argc, char** argv)
{
  (void)argv;
#ifndef mkdtemp
  return ((int*)(&mkdtemp))[argc];
#else
  (void)argc;
  return 0;
#endif
}

Determining if the accept4 exist failed with the following output:
Change Dir: /Users/daniel/Work/XCode/VJ apps/ArbutusEngine/External/libzmq/CMakeFiles/CMakeTmp

Run Build Command(s):/usr/bin/make cmTC_58e5b/fast && /Applications/Xcode.app/Contents/Developer/usr/bin/make -f CMakeFiles/cmTC_58e5b.dir/build.make CMakeFiles/cmTC_58e5b.dir/build
Building CXX object CMakeFiles/cmTC_58e5b.dir/CheckSymbolExists.cxx.o
/Applications/Xcode.app/Contents/Developer/Toolchains/XcodeDefault.xctoolchain/usr/bin/c++    -std=gnu++11 -Wno-tautological-constant-compare  -isysroot /Applications/Xcode.app/Contents/Developer/Platforms/MacOSX.platform/Developer/SDKs/MacOSX10.15.sdk -mmacosx-version-min=10.14   -o CMakeFiles/cmTC_58e5b.dir/CheckSymbolExists.cxx.o -c "/Users/daniel/Work/XCode/VJ apps/ArbutusEngine/External/libzmq/CMakeFiles/CMakeTmp/CheckSymbolExists.cxx"
/Users/daniel/Work/XCode/VJ apps/ArbutusEngine/External/libzmq/CMakeFiles/CMakeTmp/CheckSymbolExists.cxx:8:19: error: use of undeclared identifier 'accept4'; did you mean 'accept'?
  return ((int*)(&accept4))[argc];
                  ^~~~~~~
                  accept
/Applications/Xcode.app/Contents/Developer/Platforms/MacOSX.platform/Developer/SDKs/MacOSX10.15.sdk/usr/include/sys/socket.h:691:9: note: 'accept' declared here
int     accept(int, struct sockaddr * __restrict, socklen_t * __restrict)
        ^
1 error generated.
make[1]: *** [CMakeFiles/cmTC_58e5b.dir/CheckSymbolExists.cxx.o] Error 1
make: *** [cmTC_58e5b/fast] Error 2


File /Users/daniel/Work/XCode/VJ apps/ArbutusEngine/External/libzmq/CMakeFiles/CMakeTmp/CheckSymbolExists.cxx:
/* */
#include <sys/socket.h>

int main(int argc, char** argv)
{
  (void)argv;
#ifndef accept4
  return ((int*)(&accept4))[argc];
#else
  (void)argc;
  return 0;
#endif
}

Performing C SOURCE FILE Test ZMQ_HAVE_SOCK_CLOEXEC failed with the following compile output:
Change Dir: /Users/daniel/Work/XCode/VJ apps/ArbutusEngine/External/libzmq/CMakeFiles/CMakeTmp

Run Build Command(s):/usr/bin/make cmTC_50b60/fast && /Applications/Xcode.app/Contents/Developer/usr/bin/make -f CMakeFiles/cmTC_50b60.dir/build.make CMakeFiles/cmTC_50b60.dir/build
Building C object CMakeFiles/cmTC_50b60.dir/src.c.o
/Applications/Xcode.app/Contents/Developer/Toolchains/XcodeDefault.xctoolchain/usr/bin/cc   -std=gnu11 -Wno-tautological-constant-compare -DZMQ_HAVE_SOCK_CLOEXEC -isysroot /Applications/Xcode.app/Contents/Developer/Platforms/MacOSX.platform/Developer/SDKs/MacOSX10.15.sdk -mmacosx-version-min=10.14   -o CMakeFiles/cmTC_50b60.dir/src.c.o   -c "/Users/daniel/Work/XCode/VJ apps/ArbutusEngine/External/libzmq/CMakeFiles/CMakeTmp/src.c"
/Users/daniel/Work/XCode/VJ apps/ArbutusEngine/External/libzmq/CMakeFiles/CMakeTmp/src.c:7:43: error: use of undeclared identifier 'SOCK_CLOEXEC'
    int s = socket(PF_INET, SOCK_STREAM | SOCK_CLOEXEC, 0);
                                          ^
1 error generated.
make[1]: *** [CMakeFiles/cmTC_50b60.dir/src.c.o] Error 1
make: *** [cmTC_50b60/fast] Error 2


...and run output:

Return value: 1
Source file was:

#include <sys/types.h>
#include <sys/socket.h>

int main(int argc, char *argv [])
{
    int s = socket(PF_INET, SOCK_STREAM | SOCK_CLOEXEC, 0);
    return(s == -1);
}

Performing C SOURCE FILE Test ZMQ_HAVE_SO_BINDTODEVICE failed with the following compile output:
Change Dir: /Users/daniel/Work/XCode/VJ apps/ArbutusEngine/External/libzmq/CMakeFiles/CMakeTmp

Run Build Command(s):/usr/bin/make cmTC_9fcdc/fast && /Applications/Xcode.app/Contents/Developer/usr/bin/make -f CMakeFiles/cmTC_9fcdc.dir/build.make CMakeFiles/cmTC_9fcdc.dir/build
Building C object CMakeFiles/cmTC_9fcdc.dir/src.c.o
/Applications/Xcode.app/Contents/Developer/Toolchains/XcodeDefault.xctoolchain/usr/bin/cc   -std=gnu11 -Wno-tautological-constant-compare -DZMQ_HAVE_SO_BINDTODEVICE -isysroot /Applications/Xcode.app/Contents/Developer/Platforms/MacOSX.platform/Developer/SDKs/MacOSX10.15.sdk -mmacosx-version-min=10.14   -o CMakeFiles/cmTC_9fcdc.dir/src.c.o   -c "/Users/daniel/Work/XCode/VJ apps/ArbutusEngine/External/libzmq/CMakeFiles/CMakeTmp/src.c"
Linking C executable cmTC_9fcdc
/usr/local/Cellar/cmake/3.15.1/bin/cmake -E cmake_link_script CMakeFiles/cmTC_9fcdc.dir/link.txt --verbose=1
/Applications/Xcode.app/Contents/Developer/Toolchains/XcodeDefault.xctoolchain/usr/bin/cc  -std=gnu11 -Wno-tautological-constant-compare -DZMQ_HAVE_SO_BINDTODEVICE -isysroot /Applications/Xcode.app/Contents/Developer/Platforms/MacOSX.platform/Developer/SDKs/MacOSX10.15.sdk -mmacosx-version-min=10.14 -Wl,-search_paths_first -Wl,-headerpad_max_install_names   CMakeFiles/cmTC_9fcdc.dir/src.c.o  -o cmTC_9fcdc 


...and run output:

Return value: 1
Source file was:

#include <sys/socket.h>

int main(int argc, char *argv [])
{
/* Actually making the setsockopt() call requires CAP_NET_RAW */
#ifndef SO_BINDTODEVICE
    return 1;
#else
    return 0;
#endif
}

Performing C SOURCE FILE Test ZMQ_HAVE_TCP_KEEPIDLE failed with the following compile output:
Change Dir: /Users/daniel/Work/XCode/VJ apps/ArbutusEngine/External/libzmq/CMakeFiles/CMakeTmp

Run Build Command(s):/usr/bin/make cmTC_89d37/fast && /Applications/Xcode.app/Contents/Developer/usr/bin/make -f CMakeFiles/cmTC_89d37.dir/build.make CMakeFiles/cmTC_89d37.dir/build
Building C object CMakeFiles/cmTC_89d37.dir/src.c.o
/Applications/Xcode.app/Contents/Developer/Toolchains/XcodeDefault.xctoolchain/usr/bin/cc   -std=gnu11 -Wno-tautological-constant-compare -DZMQ_HAVE_TCP_KEEPIDLE -isysroot /Applications/Xcode.app/Contents/Developer/Platforms/MacOSX.platform/Developer/SDKs/MacOSX10.15.sdk -mmacosx-version-min=10.14   -o CMakeFiles/cmTC_89d37.dir/src.c.o   -c "/Users/daniel/Work/XCode/VJ apps/ArbutusEngine/External/libzmq/CMakeFiles/CMakeTmp/src.c"
/Users/daniel/Work/XCode/VJ apps/ArbutusEngine/External/libzmq/CMakeFiles/CMakeTmp/src.c:13:42: error: use of undeclared identifier 'TCP_KEEPIDLE'
       ((rc = setsockopt(s, IPPROTO_TCP, TCP_KEEPIDLE,(char*) &opt, sizeof(int))) == -1)
                                         ^
1 error generated.
make[1]: *** [CMakeFiles/cmTC_89d37.dir/src.c.o] Error 1
make: *** [cmTC_89d37/fast] Error 2


...and run output:

Return value: 1
Source file was:

#include <sys/types.h>
#include <sys/socket.h>
#include <netinet/in.h>
#include <netinet/tcp.h>

int main(int argc, char *argv [])
{
    int s, rc, opt = 1;
    return(
       ((s = socket(PF_INET, SOCK_STREAM, 0)) == -1) ||
       ((rc = setsockopt(s, SOL_SOCKET, SO_KEEPALIVE,(char*) &opt, sizeof(int))) == -1) ||
       ((rc = setsockopt(s, IPPROTO_TCP, TCP_KEEPIDLE,(char*) &opt, sizeof(int))) == -1)
    );
}

Performing C SOURCE FILE Test ZMQ_HAVE_TIPC failed with the following compile output:
Change Dir: /Users/daniel/Work/XCode/VJ apps/ArbutusEngine/External/libzmq/CMakeFiles/CMakeTmp

Run Build Command(s):/usr/bin/make cmTC_2f6e2/fast && /Applications/Xcode.app/Contents/Developer/usr/bin/make -f CMakeFiles/cmTC_2f6e2.dir/build.make CMakeFiles/cmTC_2f6e2.dir/build
Building C object CMakeFiles/cmTC_2f6e2.dir/src.c.o
/Applications/Xcode.app/Contents/Developer/Toolchains/XcodeDefault.xctoolchain/usr/bin/cc   -std=gnu11 -Wno-tautological-constant-compare -DZMQ_HAVE_TIPC -isysroot /Applications/Xcode.app/Contents/Developer/Platforms/MacOSX.platform/Developer/SDKs/MacOSX10.15.sdk -mmacosx-version-min=10.14   -o CMakeFiles/cmTC_2f6e2.dir/src.c.o   -c "/Users/daniel/Work/XCode/VJ apps/ArbutusEngine/External/libzmq/CMakeFiles/CMakeTmp/src.c"
/Users/daniel/Work/XCode/VJ apps/ArbutusEngine/External/libzmq/CMakeFiles/CMakeTmp/src.c:7:10: fatal error: 'linux/tipc.h' file not found
#include <linux/tipc.h>
         ^~~~~~~~~~~~~~
1 error generated.
make[1]: *** [CMakeFiles/cmTC_2f6e2.dir/src.c.o] Error 1
make: *** [cmTC_2f6e2/fast] Error 2


...and run output:

Return value: 1
Source file was:

#include <stdlib.h>
#include <string.h>
#include <fcntl.h>
#include <errno.h>
#include <sys/socket.h>
#include <linux/tipc.h>

int main(int argc, char *argv [])
{
    struct sockaddr_tipc topsrv;
    int sd = socket(AF_TIPC, SOCK_SEQPACKET, 0);
    memset(&topsrv, 0, sizeof(topsrv));
    topsrv.family = AF_TIPC;
    topsrv.addrtype = TIPC_ADDR_NAME;
    topsrv.addr.name.name.type = TIPC_TOP_SRV;
    topsrv.addr.name.name.instance = TIPC_TOP_SRV;
    fcntl(sd, F_SETFL, O_NONBLOCK);
}

Performing C SOURCE FILE Test ZMQ_HAVE_PTHREAD_SETNAME_2 failed with the following compile output:
Change Dir: /Users/daniel/Work/XCode/VJ apps/ArbutusEngine/External/libzmq/CMakeFiles/CMakeTmp

Run Build Command(s):/usr/bin/make cmTC_3bb79/fast && /Applications/Xcode.app/Contents/Developer/usr/bin/make -f CMakeFiles/cmTC_3bb79.dir/build.make CMakeFiles/cmTC_3bb79.dir/build
Building C object CMakeFiles/cmTC_3bb79.dir/src.c.o
/Applications/Xcode.app/Contents/Developer/Toolchains/XcodeDefault.xctoolchain/usr/bin/cc   -std=gnu11 -Wno-tautological-constant-compare -DZMQ_HAVE_PTHREAD_SETNAME_2 -D_GNU_SOURCE -Werror -pthread -isysroot /Applications/Xcode.app/Contents/Developer/Platforms/MacOSX.platform/Developer/SDKs/MacOSX10.15.sdk -mmacosx-version-min=10.14   -o CMakeFiles/cmTC_3bb79.dir/src.c.o   -c "/Users/daniel/Work/XCode/VJ apps/ArbutusEngine/External/libzmq/CMakeFiles/CMakeTmp/src.c"
/Users/daniel/Work/XCode/VJ apps/ArbutusEngine/External/libzmq/CMakeFiles/CMakeTmp/src.c:6:41: error: too many arguments to function call, expected 1, have 2
    pthread_setname_np (pthread_self(), "foo");
    ~~~~~~~~~~~~~~~~~~                  ^~~~~
/Applications/Xcode.app/Contents/Developer/Platforms/MacOSX.platform/Developer/SDKs/MacOSX10.15.sdk/usr/include/pthread.h:512:1: note: 'pthread_setname_np' declared here
__API_AVAILABLE(macos(10.6), ios(3.2))
^
/Applications/Xcode.app/Contents/Developer/Platforms/MacOSX.platform/Developer/SDKs/MacOSX10.15.sdk/usr/include/Availability.h:496:162: note: expanded from macro '__API_AVAILABLE'
    #define __API_AVAILABLE(...) __API_AVAILABLE_GET_MACRO(__VA_ARGS__,__API_AVAILABLE7, __API_AVAILABLE6, __API_AVAILABLE5, __API_AVAILABLE4, __API_AVAILABLE3, __API_AVAILABLE2, __API_AVAILABLE1, 0)(__VA_ARGS__)
                                                                                                                                                                 ^
1 error generated.
make[1]: *** [CMakeFiles/cmTC_3bb79.dir/src.c.o] Error 1
make: *** [cmTC_3bb79/fast] Error 2


...and run output:

Return value: 1
Source file was:

#include <pthread.h>

int main(int argc, char *argv [])
{
    pthread_setname_np (pthread_self(), "foo");
    return 0;
}

Performing C SOURCE FILE Test ZMQ_HAVE_PTHREAD_SETNAME_3 failed with the following compile output:
Change Dir: /Users/daniel/Work/XCode/VJ apps/ArbutusEngine/External/libzmq/CMakeFiles/CMakeTmp

Run Build Command(s):/usr/bin/make cmTC_1cd7c/fast && /Applications/Xcode.app/Contents/Developer/usr/bin/make -f CMakeFiles/cmTC_1cd7c.dir/build.make CMakeFiles/cmTC_1cd7c.dir/build
Building C object CMakeFiles/cmTC_1cd7c.dir/src.c.o
/Applications/Xcode.app/Contents/Developer/Toolchains/XcodeDefault.xctoolchain/usr/bin/cc   -std=gnu11 -Wno-tautological-constant-compare -DZMQ_HAVE_PTHREAD_SETNAME_3 -D_GNU_SOURCE -Werror -pthread -isysroot /Applications/Xcode.app/Contents/Developer/Platforms/MacOSX.platform/Developer/SDKs/MacOSX10.15.sdk -mmacosx-version-min=10.14   -o CMakeFiles/cmTC_1cd7c.dir/src.c.o   -c "/Users/daniel/Work/XCode/VJ apps/ArbutusEngine/External/libzmq/CMakeFiles/CMakeTmp/src.c"
/Users/daniel/Work/XCode/VJ apps/ArbutusEngine/External/libzmq/CMakeFiles/CMakeTmp/src.c:6:41: error: too many arguments to function call, expected 1, have 3
    pthread_setname_np (pthread_self(), "foo", (void *)0);
    ~~~~~~~~~~~~~~~~~~                  ^~~~~~~~~~~~~~~~
/Applications/Xcode.app/Contents/Developer/Platforms/MacOSX.platform/Developer/SDKs/MacOSX10.15.sdk/usr/include/pthread.h:512:1: note: 'pthread_setname_np' declared here
__API_AVAILABLE(macos(10.6), ios(3.2))
^
/Applications/Xcode.app/Contents/Developer/Platforms/MacOSX.platform/Developer/SDKs/MacOSX10.15.sdk/usr/include/Availability.h:496:162: note: expanded from macro '__API_AVAILABLE'
    #define __API_AVAILABLE(...) __API_AVAILABLE_GET_MACRO(__VA_ARGS__,__API_AVAILABLE7, __API_AVAILABLE6, __API_AVAILABLE5, __API_AVAILABLE4, __API_AVAILABLE3, __API_AVAILABLE2, __API_AVAILABLE1, 0)(__VA_ARGS__)
                                                                                                                                                                 ^
1 error generated.
make[1]: *** [CMakeFiles/cmTC_1cd7c.dir/src.c.o] Error 1
make: *** [cmTC_1cd7c/fast] Error 2


...and run output:

Return value: 1
Source file was:

#include <pthread.h>

int main(int argc, char *argv [])
{
    pthread_setname_np (pthread_self(), "foo", (void *)0);
    return 0;
}

Performing C SOURCE FILE Test ZMQ_HAVE_PTHREAD_SET_NAME failed with the following compile output:
Change Dir: /Users/daniel/Work/XCode/VJ apps/ArbutusEngine/External/libzmq/CMakeFiles/CMakeTmp

Run Build Command(s):/usr/bin/make cmTC_b5208/fast && /Applications/Xcode.app/Contents/Developer/usr/bin/make -f CMakeFiles/cmTC_b5208.dir/build.make CMakeFiles/cmTC_b5208.dir/build
Building C object CMakeFiles/cmTC_b5208.dir/src.c.o
/Applications/Xcode.app/Contents/Developer/Toolchains/XcodeDefault.xctoolchain/usr/bin/cc   -std=gnu11 -Wno-tautological-constant-compare -DZMQ_HAVE_PTHREAD_SET_NAME -D_GNU_SOURCE -Werror -pthread -isysroot /Applications/Xcode.app/Contents/Developer/Platforms/MacOSX.platform/Developer/SDKs/MacOSX10.15.sdk -mmacosx-version-min=10.14   -o CMakeFiles/cmTC_b5208.dir/src.c.o   -c "/Users/daniel/Work/XCode/VJ apps/ArbutusEngine/External/libzmq/CMakeFiles/CMakeTmp/src.c"
/Users/daniel/Work/XCode/VJ apps/ArbutusEngine/External/libzmq/CMakeFiles/CMakeTmp/src.c:6:5: error: implicit declaration of function 'pthread_set_name_np' is invalid in C99 [-Werror,-Wimplicit-function-declaration]
    pthread_set_name_np (pthread_self(), "foo");
    ^
/Users/daniel/Work/XCode/VJ apps/ArbutusEngine/External/libzmq/CMakeFiles/CMakeTmp/src.c:6:5: note: did you mean 'pthread_setname_np'?
/Applications/Xcode.app/Contents/Developer/Platforms/MacOSX.platform/Developer/SDKs/MacOSX10.15.sdk/usr/include/pthread.h:513:5: note: 'pthread_setname_np' declared here
int     pthread_setname_np(const char*);
        ^
1 error generated.
make[1]: *** [CMakeFiles/cmTC_b5208.dir/src.c.o] Error 1
make: *** [cmTC_b5208/fast] Error 2


...and run output:

Return value: 1
Source file was:

#include <pthread.h>

int main(int argc, char *argv [])
{
    pthread_set_name_np (pthread_self(), "foo");
    return 0;
}

Performing C SOURCE FILE Test ZMQ_HAVE_PTHREAD_SET_AFFINITY failed with the following compile output:
Change Dir: /Users/daniel/Work/XCode/VJ apps/ArbutusEngine/External/libzmq/CMakeFiles/CMakeTmp

Run Build Command(s):/usr/bin/make cmTC_b84fa/fast && /Applications/Xcode.app/Contents/Developer/usr/bin/make -f CMakeFiles/cmTC_b84fa.dir/build.make CMakeFiles/cmTC_b84fa.dir/build
Building C object CMakeFiles/cmTC_b84fa.dir/src.c.o
/Applications/Xcode.app/Contents/Developer/Toolchains/XcodeDefault.xctoolchain/usr/bin/cc   -std=gnu11 -Wno-tautological-constant-compare -DZMQ_HAVE_PTHREAD_SET_AFFINITY -D_GNU_SOURCE -Werror -pthread -isysroot /Applications/Xcode.app/Contents/Developer/Platforms/MacOSX.platform/Developer/SDKs/MacOSX10.15.sdk -mmacosx-version-min=10.14   -o CMakeFiles/cmTC_b84fa.dir/src.c.o   -c "/Users/daniel/Work/XCode/VJ apps/ArbutusEngine/External/libzmq/CMakeFiles/CMakeTmp/src.c"
/Users/daniel/Work/XCode/VJ apps/ArbutusEngine/External/libzmq/CMakeFiles/CMakeTmp/src.c:6:5: error: use of undeclared identifier 'cpu_set_t'
    cpu_set_t test; 
    ^
/Users/daniel/Work/XCode/VJ apps/ArbutusEngine/External/libzmq/CMakeFiles/CMakeTmp/src.c:7:5: error: implicit declaration of function 'pthread_setaffinity_np' is invalid in C99 [-Werror,-Wimplicit-function-declaration]
    pthread_setaffinity_np (pthread_self(), sizeof(cpu_set_t), &test);
    ^
/Users/daniel/Work/XCode/VJ apps/ArbutusEngine/External/libzmq/CMakeFiles/CMakeTmp/src.c:7:5: note: did you mean 'pthread_setname_np'?
/Applications/Xcode.app/Contents/Developer/Platforms/MacOSX.platform/Developer/SDKs/MacOSX10.15.sdk/usr/include/pthread.h:513:5: note: 'pthread_setname_np' declared here
int     pthread_setname_np(const char*);
        ^
/Users/daniel/Work/XCode/VJ apps/ArbutusEngine/External/libzmq/CMakeFiles/CMakeTmp/src.c:7:52: error: use of undeclared identifier 'cpu_set_t'
    pthread_setaffinity_np (pthread_self(), sizeof(cpu_set_t), &test);
                                                   ^
/Users/daniel/Work/XCode/VJ apps/ArbutusEngine/External/libzmq/CMakeFiles/CMakeTmp/src.c:7:65: error: use of undeclared identifier 'test'; did you mean 'tzset'?
    pthread_setaffinity_np (pthread_self(), sizeof(cpu_set_t), &test);
                                                                ^~~~
                                                                tzset
/Applications/Xcode.app/Contents/Developer/Platforms/MacOSX.platform/Developer/SDKs/MacOSX10.15.sdk/usr/include/time.h:121:6: note: 'tzset' declared here
void tzset(void);
     ^
4 errors generated.
make[1]: *** [CMakeFiles/cmTC_b84fa.dir/src.c.o] Error 1
make: *** [cmTC_b84fa/fast] Error 2


...and run output:

Return value: 1
Source file was:

#include <pthread.h>

int main(int argc, char *argv [])
{
    cpu_set_t test; 
    pthread_setaffinity_np (pthread_self(), sizeof(cpu_set_t), &test);
    return 0;
}

Performing C SOURCE FILE Test ZMQ_HAVE_GETRANDOM failed with the following compile output:
Change Dir: /Users/daniel/Work/XCode/VJ apps/ArbutusEngine/External/libzmq/CMakeFiles/CMakeTmp

Run Build Command(s):/usr/bin/make cmTC_2a63c/fast && /Applications/Xcode.app/Contents/Developer/usr/bin/make -f CMakeFiles/cmTC_2a63c.dir/build.make CMakeFiles/cmTC_2a63c.dir/build
Building C object CMakeFiles/cmTC_2a63c.dir/src.c.o
/Applications/Xcode.app/Contents/Developer/Toolchains/XcodeDefault.xctoolchain/usr/bin/cc   -std=gnu11 -Wno-tautological-constant-compare -DZMQ_HAVE_GETRANDOM -isysroot /Applications/Xcode.app/Contents/Developer/Platforms/MacOSX.platform/Developer/SDKs/MacOSX10.15.sdk -mmacosx-version-min=10.14   -o CMakeFiles/cmTC_2a63c.dir/src.c.o   -c "/Users/daniel/Work/XCode/VJ apps/ArbutusEngine/External/libzmq/CMakeFiles/CMakeTmp/src.c"
In file included from /Users/daniel/Work/XCode/VJ apps/ArbutusEngine/External/libzmq/CMakeFiles/CMakeTmp/src.c:2:
/Applications/Xcode.app/Contents/Developer/Platforms/MacOSX.platform/Developer/SDKs/MacOSX10.15.sdk/usr/include/sys/random.h:36:21: error: expected parameter declarator
    __OSX_AVAILABLE(10.12) __IOS_AVAILABLE(10.0) __TVOS_AVAILABLE(10.0) __WATCHOS_AVAILABLE(3.0)
                    ^
/Applications/Xcode.app/Contents/Developer/Platforms/MacOSX.platform/Developer/SDKs/MacOSX10.15.sdk/usr/include/sys/random.h:36:21: error: expected ')'
/Applications/Xcode.app/Contents/Developer/Platforms/MacOSX.platform/Developer/SDKs/MacOSX10.15.sdk/usr/include/sys/random.h:36:20: note: to match this '('
    __OSX_AVAILABLE(10.12) __IOS_AVAILABLE(10.0) __TVOS_AVAILABLE(10.0) __WATCHOS_AVAILABLE(3.0)
                   ^
/Applications/Xcode.app/Contents/Developer/Platforms/MacOSX.platform/Developer/SDKs/MacOSX10.15.sdk/usr/include/sys/random.h:36:28: error: expected function body after function declarator
    __OSX_AVAILABLE(10.12) __IOS_AVAILABLE(10.0) __TVOS_AVAILABLE(10.0) __WATCHOS_AVAILABLE(3.0)
                           ^
/Users/daniel/Work/XCode/VJ apps/ArbutusEngine/External/libzmq/CMakeFiles/CMakeTmp/src.c:7:14: warning: implicit declaration of function 'getrandom' is invalid in C99 [-Wimplicit-function-declaration]
    int rc = getrandom(buf, 4, 0);
             ^
1 warning and 3 errors generated.
make[1]: *** [CMakeFiles/cmTC_2a63c.dir/src.c.o] Error 1
make: *** [cmTC_2a63c/fast] Error 2


...and run output:

Return value: 1
Source file was:

#include <sys/random.h>

int main (int argc, char *argv [])
{
    char buf[4];
    int rc = getrandom(buf, 4, 0);
    return rc == -1 ? 1 : 0;
}

